<?xml version="1.0" encoding="UTF-8"?>
<!-- Generated by org.testng.reporters.JUnitXMLReporter -->
<testsuite hostname="IN-5CG7192B5M" ignored="0" name="Test" tests="3" failures="0" timestamp="01 Apr 2020 08:16:11 GMT" time="140.089" errors="0">
  <testcase name="TC01" time="52.33" classname="com.google.pages.GoogleSearchTC1"/>
  <testcase name="TC01" time="43.125" classname="com.google.pages.GoogleSearchTC2"/>
  <testcase name="TC01" time="44.572" classname="com.google.pages.GoogleSearchTC3"/>
</testsuite> <!-- Test -->
